mar 27 16:05:29 host=smtp.gmail.com tls=on auth=on user=ascoli.minnocci@gmail.com from=ascoli.minnocci@gmail.com recipients=ad17fmin@uwcad.it mailsize=451 smtpstatus=250 smtpmsg='250 2.0.0 OK  1585321529 f14sm8322392wmb.3 - gsmtp' exitcode=EX_OK
mar 28 12:25:09 host=smtp.gmail.com tls=on auth=on user=ad17fmin@uwcad.it from=ad17fmin@uwcad.it recipients=f.minnocci@studenti.unipi.it mailsize=310 smtpstatus=250 smtpmsg='250 2.0.0 OK  1585394709 h81sm13216280wme.42 - gsmtp' exitcode=EX_OK
mar 28 20:28:19 host=smtp.gmail.com tls=on auth=on user=ad17fmin@uwcad.it from=ad17fmin@uwcad.it recipients=antonio.minnocci@gmail.com mailsize=47010 smtpstatus=250 smtpmsg='250 2.0.0 OK  1585423698 t2sm12919031wml.30 - gsmtp' exitcode=EX_OK
mar 31 10:39:16 host=smtp.gmail.com tls=on auth=on user=ad17fmin@uwcad.it from=ad17fmin@uwcad.it recipients=antonio.minnocci@gmail.com mailsize=1059 smtpstatus=250 smtpmsg='250 2.0.0 OK  1585643956 b67sm2903082wmh.29 - gsmtp' exitcode=EX_OK
mar 31 11:00:01 host=smtp.gmail.com tls=on auth=on user=ad17fmin@uwcad.it from=ad17fmin@uwcad.it recipients=antonio.minnocci@gmail.com mailsize=1723 smtpstatus=250 smtpmsg='250 2.0.0 OK  1585645201 d13sm15453470wrq.11 - gsmtp' exitcode=EX_OK
apr 01 17:45:35 host=smtp.gmail.com tls=on auth=on user=ascoli.minnocci@gmail.com from=ascoli.minnocci@gmail.com recipients=mar.ascoli@gmail.com mailsize=1611 smtpstatus=250 smtpmsg='250 2.0.0 OK  1585755935 u13sm3004308wmm.32 - gsmtp' exitcode=EX_OK
apr 02 14:32:17 host=smtp.gmail.com tls=on auth=on user=ascoli.minnocci@gmail.com from=ascoli.minnocci@gmail.com recipients=merz@mail.dm.unipi.it mailsize=434 smtpstatus=250 smtpmsg='250 2.0.0 OK  1585830737 r14sm7076474wmg.0 - gsmtp' exitcode=EX_OK
apr 04 12:57:57 host=smtp.gmail.com tls=on auth=on user=ascoli.minnocci@gmail.com from=ascoli.minnocci@gmail.com recipients=igor.simunec@sns.it mailsize=4601 smtpstatus=250 smtpmsg='250 2.0.0 OK  1585997877 n6sm16625988wrp.30 - gsmtp' exitcode=EX_OK
apr 04 15:25:56 host=smtp.gmail.com tls=on auth=on user=ascoli.minnocci@gmail.com from=ascoli.minnocci@gmail.com recipients=barbara_bellettini@yahoo.it mailsize=615 smtpstatus=250 smtpmsg='250 2.0.0 OK  1586006756 g2sm16189155wrs.42 - gsmtp' exitcode=EX_OK
apr 04 17:46:23 host=smtp.gmail.com tls=on auth=on user=ad17fmin@uwcad.it from=ad17fmin@uwcad.it recipients=59mike.price@gmail.com mailsize=1629 smtpstatus=250 smtpmsg='250 2.0.0 OK  1586015183 v21sm15675052wmh.26 - gsmtp' exitcode=EX_OK
apr 07 21:49:35 host=smtp.gmail.com tls=on auth=on user=ascoli.minnocci@gmail.com from=ascoli.minnocci@gmail.com recipients=sisti.ernesto@gmail.com mailsize=397 smtpstatus=250 smtpmsg='250 2.0.0 OK  1586288975 u17sm35541210wri.45 - gsmtp' exitcode=EX_OK
apr 09 00:46:26 host=smtp.gmail.com tls=on auth=on user=ascoli.minnocci@gmail.com from=ascoli.minnocci@gmail.com recipients=tremalkinger@gmail.com mailsize=485 smtpstatus=250 smtpmsg='250 2.0.0 OK  1586385986 s13sm21461889wrw.20 - gsmtp' exitcode=EX_OK
apr 09 15:56:45 host=smtp.gmail.com tls=on auth=on user=ad17fmin@uwcad.it from=ad17fmin@uwcad.it recipients=ad17lter@uwcad.it mailsize=858 smtpstatus=250 smtpmsg='250 2.0.0 OK  1586440605 o13sm17913801wrm.74 - gsmtp' exitcode=EX_OK
apr 09 16:25:00 host=smtp.gmail.com tls=on auth=on user=ad17fmin@uwcad.it from=ad17fmin@uwcad.it recipients=ad17lter@uwcad.it mailsize=455 smtpstatus=250 smtpmsg='250 2.0.0 OK  1586442299 y7sm4236821wmb.43 - gsmtp' exitcode=EX_OK
apr 09 23:41:35 host=smtp.gmail.com tls=on auth=on user=ascoli.minnocci@gmail.com from=ascoli.minnocci@gmail.com recipients=ad18fmac@uwcad.it mailsize=345 smtpstatus=250 smtpmsg='250 2.0.0 OK  1586468495 q187sm5153596wma.41 - gsmtp' exitcode=EX_OK
apr 15 15:59:19 host=smtp.gmail.com tls=on auth=on user=ascoli.minnocci@gmail.com from=ascoli.minnocci@gmail.com recipients=ad17fmin@uwcad.it errormsg='cannot locate host smtp.gmail.com: Name or service not known' exitcode=EX_NOHOST
apr 15 16:02:10 host=smtp.gmail.com tls=on auth=on user=ascoli.minnocci@gmail.com from=ascoli.minnocci@gmail.com recipients=ad17fmin@uwcad.it mailsize=326 smtpstatus=250 smtpmsg='250 2.0.0 OK  1586959330 i25sm22910654wml.43 - gsmtp' exitcode=EX_OK
apr 16 12:55:08 host=smtp.gmail.com tls=on auth=on user=ascoli.minnocci@gmail.com from=ascoli.minnocci@gmail.com recipients=l.piazza5@studenti.unipi.it mailsize=325 smtpstatus=250 smtpmsg='250 2.0.0 OK  1587034508 k9sm28309417wrd.17 - gsmtp' exitcode=EX_OK
apr 16 14:38:57 host=smtp.gmail.com tls=on auth=on user=ascoli.minnocci@gmail.com from=ascoli.minnocci@gmail.com recipients=ad17fmin@uwcad.it mailsize=328 smtpstatus=250 smtpmsg='250 2.0.0 OK  1587040737 h16sm30282402wrw.36 - gsmtp' exitcode=EX_OK
apr 16 15:10:29 host=smtp.gmail.com tls=on auth=on user=ad17fmin@uwcad.it from=ad17fmin@uwcad.it recipients=ascoli.minnocci@gmail.com mailsize=361 smtpstatus=250 smtpmsg='250 2.0.0 OK  1587042629 k17sm2416688wmi.10 - gsmtp' exitcode=EX_OK
apr 16 16:40:22 host=smtp.gmail.com tls=on auth=on user=ascoli.minnocci@gmail.com from=ascoli.minnocci@gmail.com recipients=ad17fmin@uwcad.it mailsize=563 smtpstatus=250 smtpmsg='250 2.0.0 OK  1587048022 z8sm7620777wrr.40 - gsmtp' exitcode=EX_OK
apr 16 17:12:23 host=smtp.gmail.com tls=on auth=on user=ascoli.minnocci@gmail.com from=ascoli.minnocci@gmail.com recipients=a.minnocci@santannapisa.it mailsize=108119 smtpstatus=250 smtpmsg='250 2.0.0 OK  1587049943 c18sm27304471wrx.5 - gsmtp' exitcode=EX_OK
apr 19 16:08:10 host=smtp.gmail.com tls=on auth=on user=ascoli.minnocci@gmail.com from=ascoli.minnocci@gmail.com recipients=igor.simunec@sns.it mailsize=3804 smtpstatus=250 smtpmsg='250 2.0.0 OK  1587305290 u3sm30290715wrt.93 - gsmtp' exitcode=EX_OK
apr 20 00:52:16 host=smtp.gmail.com tls=on auth=on user=ascoli.minnocci@gmail.com from=ascoli.minnocci@gmail.com recipients=igor.simunec@sns.it mailsize=5626 smtpstatus=250 smtpmsg='250 2.0.0 OK  1587336736 a1sm32628011wrn.80 - gsmtp' exitcode=EX_OK
apr 21 21:36:37 host=smtp.gmail.com tls=on auth=on user=ascoli.minnocci@gmail.com from=ascoli.minnocci@gmail.com recipients=agata.minnocci@gmail.com mailsize=39121 smtpstatus=250 smtpmsg='250 2.0.0 OK  1587497797 i25sm4694983wml.43 - gsmtp' exitcode=EX_OK
apr 21 22:44:56 host=smtp.gmail.com tls=on auth=on user=ascoli.minnocci@gmail.com from=ascoli.minnocci@gmail.com recipients=ad17fmin@uwcad.it mailsize=8690453 smtpstatus=250 smtpmsg='250 2.0.0 OK  1587501896 k6sm5292944wma.19 - gsmtp' exitcode=EX_OK
apr 21 22:47:47 host=smtp.gmail.com tls=on auth=on user=ad17fmin@uwcad.it from=ad17fmin@uwcad.it recipients=ascoli.minnocci@gmail.com mailsize=8695604 smtpstatus=250 smtpmsg='250 2.0.0 OK  1587502067 h10sm5343518wrq.33 - gsmtp' exitcode=EX_OK
apr 23 18:36:55 host=smtp.gmail.com tls=on auth=on user=ascoli.minnocci@gmail.com from=ascoli.minnocci@gmail.com recipients=pozzetta@mail.dm.unipi.it mailsize=1236 smtpstatus=250 smtpmsg='250 2.0.0 OK  1587659814 j13sm4473280wro.51 - gsmtp' exitcode=EX_OK
apr 25 22:22:08 host=smtp.gmail.com tls=on auth=on user=ad17fmin@uwcad.it from=ad17fmin@uwcad.it recipients=gulp@gulp.linux.it,gianlucalfieri@alice.it mailsize=1082 smtpstatus=250 smtpmsg='250 2.0.0 OK  1587846128 q10sm13178625wrv.95 - gsmtp' exitcode=EX_OK
apr 25 22:56:30 host=smtp.gmail.com tls=on auth=on user=ascoli.minnocci@gmail.com from=ascoli.minnocci@gmail.com recipients=mar.ascoli@gmail.com mailsize=17614897 smtpstatus=250 smtpmsg='250 2.0.0 OK  1587848181 h188sm9387665wme.8 - gsmtp' exitcode=EX_OK
apr 27 12:07:02 host=smtp.gmail.com tls=on auth=on user=ascoli.minnocci@gmail.com from=ascoli.minnocci@gmail.com recipients=mar.ascoli@gmail.com,antonio.minnocci@gmail.com,salvatore.raucci@sns.it,agata.minnocci@gmail.com mailsize=1779 smtpstatus=250 smtpmsg='250 2.0.0 OK  1587982022 5sm14598579wmg.34 - gsmtp' exitcode=EX_OK
apr 27 12:07:49 host=smtp.gmail.com tls=on auth=on user=ascoli.minnocci@gmail.com from=ascoli.minnocci@gmail.com recipients=mar.ascoli@gmail.com,antonio.minnocci@gmail.com,salvatore.raucci@sns.it,agata.minnocci@gmail.com mailsize=2066 smtpstatus=250 smtpmsg='250 2.0.0 OK  1587982069 k3sm22783821wru.90 - gsmtp' exitcode=EX_OK
apr 27 18:15:14 host=smtp.gmail.com tls=on auth=on user=ascoli.minnocci@gmail.com from=ascoli.minnocci@gmail.com recipients=mar.ascoli@gmail.com mailsize=3258983 smtpstatus=250 smtpmsg='250 2.0.0 OK  1588004114 p7sm22819611wrf.31 - gsmtp' exitcode=EX_OK
apr 27 22:16:51 host=smtp.gmail.com tls=on auth=on user=ascoli.minnocci@gmail.com from=ascoli.minnocci@gmail.com recipients=salvatore.raucci@sns.it mailsize=213554 smtpstatus=250 smtpmsg='250 2.0.0 OK  1588018610 v10sm23084398wrq.45 - gsmtp' exitcode=EX_OK
